<?xml version="1.0" encoding="UTF-8"?>
<!-- Generated by org.testng.reporters.JUnitReportReporter -->
<testsuite skipped="0" hostname="DESKTOP-EIQNUSI" name="myProject.Test1" tests="1" failures="0" timestamp="2021-04-13T14:57:31 AEST" time="0.006" errors="0">
  <testcase name="method1" time="0.006" classname="myProject.Test1"/>
  <system-out/>
</testsuite> <!-- myProject.Test1 -->
